2024-07-20 22:15:14,789 INFO o.a.j.u.JMeterUtils: Setting Locale to en_US
2024-07-20 22:15:14,811 INFO o.a.j.JMeter: Loading user properties from: user.properties
2024-07-20 22:15:14,812 INFO o.a.j.JMeter: Loading system properties from: system.properties
2024-07-20 22:15:14,820 INFO o.a.j.JMeter: Copyright (c) 1998-2024 The Apache Software Foundation
2024-07-20 22:15:14,820 INFO o.a.j.JMeter: Version 5.6.3
2024-07-20 22:15:14,820 INFO o.a.j.JMeter: java.version=20
2024-07-20 22:15:14,821 INFO o.a.j.JMeter: java.vm.name=Java HotSpot(TM) 64-Bit Server VM
2024-07-20 22:15:14,821 INFO o.a.j.JMeter: os.name=Windows 10
2024-07-20 22:15:14,821 INFO o.a.j.JMeter: os.arch=amd64
2024-07-20 22:15:14,821 INFO o.a.j.JMeter: os.version=10.0
2024-07-20 22:15:14,821 INFO o.a.j.JMeter: file.encoding=UTF-8
2024-07-20 22:15:14,821 INFO o.a.j.JMeter: java.awt.headless=null
2024-07-20 22:15:14,821 INFO o.a.j.JMeter: Max memory     =4066377728
2024-07-20 22:15:14,821 INFO o.a.j.JMeter: Available Processors =8
2024-07-20 22:15:14,831 INFO o.a.j.JMeter: Default Locale=English (United States)
2024-07-20 22:15:14,831 INFO o.a.j.JMeter: JMeter  Locale=English (United States)
2024-07-20 22:15:14,832 INFO o.a.j.JMeter: JMeterHome=C:\Users\admin\Documents\DuAnCaNhan\Monolithic_to_Microservice\apache-jmeter-5.6.3
2024-07-20 22:15:14,832 INFO o.a.j.JMeter: user.dir  =C:\Users\admin\Documents\DuAnCaNhan\Monolithic_to_Microservice\apache-jmeter-5.6.3\bin
2024-07-20 22:15:14,832 INFO o.a.j.JMeter: PWD       =C:\Users\admin\Documents\DuAnCaNhan\Monolithic_to_Microservice\apache-jmeter-5.6.3\bin
2024-07-20 22:15:14,833 INFO o.a.j.JMeter: IP: 172.30.48.1 Name: DESKTOP-PGQU8E8 FullName: DESKTOP-PGQU8E8.mshome.net
2024-07-20 22:15:14,848 INFO o.a.j.JMeter: Loaded icon properties from org/apache/jmeter/images/icon.properties
2024-07-20 22:15:15,108 INFO o.a.j.JMeterGuiLauncher: Setting LAF to: com.github.weisj.darklaf.DarkLaf:com.github.weisj.darklaf.theme.DarculaTheme
2024-07-20 22:46:59,740 INFO o.a.j.p.h.s.HTTPSamplerBase: Parser for text/html is org.apache.jmeter.protocol.http.parser.LagartoBasedHtmlParser
2024-07-20 22:46:59,741 INFO o.a.j.p.h.s.HTTPSamplerBase: Parser for application/xhtml+xml is org.apache.jmeter.protocol.http.parser.LagartoBasedHtmlParser
2024-07-20 22:46:59,741 INFO o.a.j.p.h.s.HTTPSamplerBase: Parser for application/xml is org.apache.jmeter.protocol.http.parser.LagartoBasedHtmlParser
2024-07-20 22:46:59,741 INFO o.a.j.p.h.s.HTTPSamplerBase: Parser for text/xml is org.apache.jmeter.protocol.http.parser.LagartoBasedHtmlParser
2024-07-20 22:46:59,741 INFO o.a.j.p.h.s.HTTPSamplerBase: Parser for text/vnd.wap.wml is org.apache.jmeter.protocol.http.parser.RegexpHTMLParser
2024-07-20 22:46:59,741 INFO o.a.j.p.h.s.HTTPSamplerBase: Parser for text/css is org.apache.jmeter.protocol.http.parser.CssParser
2024-07-20 22:55:19,452 INFO o.a.j.e.StandardJMeterEngine: Running the test!
2024-07-20 22:55:19,453 INFO o.a.j.s.SampleEvent: List of sample_variables: []
2024-07-20 22:55:19,453 INFO o.a.j.s.SampleEvent: List of sample_variables: []
2024-07-20 22:55:19,454 INFO o.a.j.e.u.CompoundVariable: Note: Function class names must contain the string: '.functions.'
2024-07-20 22:55:19,454 INFO o.a.j.e.u.CompoundVariable: Note: Function class names must not contain the string: '.gui.'
2024-07-20 22:55:19,568 INFO o.a.j.g.u.JMeterMenuBar: setRunning(true, *local*)
2024-07-20 22:55:19,646 INFO o.a.j.e.StandardJMeterEngine: Starting ThreadGroup: 1 : Thread Group
2024-07-20 22:55:19,647 INFO o.a.j.e.StandardJMeterEngine: Starting 5 threads for group Thread Group.
2024-07-20 22:55:19,647 INFO o.a.j.e.StandardJMeterEngine: Thread will continue on error
2024-07-20 22:55:19,647 INFO o.a.j.t.ThreadGroup: Starting thread group... number=1 threads=5 ramp-up=1 delayedStart=false
2024-07-20 22:55:19,652 INFO o.a.j.t.JMeterThread: Thread started: Thread Group 1-1
2024-07-20 22:55:19,652 INFO o.a.j.t.ThreadGroup: Started thread group number 1
2024-07-20 22:55:19,652 INFO o.a.j.e.StandardJMeterEngine: All thread groups have been started
2024-07-20 22:55:19,676 INFO o.a.j.p.h.s.HTTPHCAbstractImpl: Local host = DESKTOP-PGQU8E8
2024-07-20 22:55:19,692 INFO o.a.j.p.h.s.HTTPHC4Impl: HTTP request retry count = 0
2024-07-20 22:55:19,694 INFO o.a.j.s.SampleResult: Note: Sample TimeStamps are START times
2024-07-20 22:55:19,694 INFO o.a.j.s.SampleResult: sampleresult.default.encoding is set to UTF-8
2024-07-20 22:55:19,694 INFO o.a.j.s.SampleResult: sampleresult.useNanoTime=true
2024-07-20 22:55:19,694 INFO o.a.j.s.SampleResult: sampleresult.nanoThreadSleep=5000
2024-07-20 22:55:19,849 INFO o.a.j.t.JMeterThread: Thread started: Thread Group 1-2
2024-07-20 22:55:19,958 INFO o.a.j.t.JMeterThread: Thread is done: Thread Group 1-2
2024-07-20 22:55:19,958 INFO o.a.j.t.JMeterThread: Thread is done: Thread Group 1-1
2024-07-20 22:55:19,958 INFO o.a.j.t.JMeterThread: Thread finished: Thread Group 1-2
2024-07-20 22:55:19,958 INFO o.a.j.t.JMeterThread: Thread finished: Thread Group 1-1
2024-07-20 22:55:20,048 INFO o.a.j.t.JMeterThread: Thread started: Thread Group 1-3
2024-07-20 22:55:20,060 INFO o.a.j.t.JMeterThread: Thread is done: Thread Group 1-3
2024-07-20 22:55:20,060 INFO o.a.j.t.JMeterThread: Thread finished: Thread Group 1-3
2024-07-20 22:55:20,251 INFO o.a.j.t.JMeterThread: Thread started: Thread Group 1-4
2024-07-20 22:55:20,263 INFO o.a.j.t.JMeterThread: Thread is done: Thread Group 1-4
2024-07-20 22:55:20,263 INFO o.a.j.t.JMeterThread: Thread finished: Thread Group 1-4
2024-07-20 22:55:20,449 INFO o.a.j.t.JMeterThread: Thread started: Thread Group 1-5
2024-07-20 22:55:20,465 INFO o.a.j.t.JMeterThread: Thread is done: Thread Group 1-5
2024-07-20 22:55:20,465 INFO o.a.j.t.JMeterThread: Thread finished: Thread Group 1-5
2024-07-20 22:55:20,467 INFO o.a.j.e.StandardJMeterEngine: Notifying test listeners of end of test
2024-07-20 22:55:20,469 INFO o.a.j.s.FileServer: Default base='C:\Users\admin\Documents\DuAnCaNhan\Monolithic_to_Microservice\apache-jmeter-5.6.3\bin'
2024-07-20 22:55:20,469 INFO o.a.j.g.u.JMeterMenuBar: setRunning(false, *local*)
2024-07-20 22:56:46,302 INFO o.a.j.e.StandardJMeterEngine: Running the test!
2024-07-20 22:56:46,303 INFO o.a.j.s.SampleEvent: List of sample_variables: []
2024-07-20 22:56:46,304 INFO o.a.j.g.u.JMeterMenuBar: setRunning(true, *local*)
2024-07-20 22:56:46,345 INFO o.a.j.e.StandardJMeterEngine: Starting ThreadGroup: 1 : Thread Group
2024-07-20 22:56:46,347 INFO o.a.j.e.StandardJMeterEngine: Starting 5 threads for group Thread Group.
2024-07-20 22:56:46,347 INFO o.a.j.e.StandardJMeterEngine: Thread will continue on error
2024-07-20 22:56:46,347 INFO o.a.j.t.ThreadGroup: Starting thread group... number=1 threads=5 ramp-up=1 delayedStart=false
2024-07-20 22:56:46,349 INFO o.a.j.t.JMeterThread: Thread started: Thread Group 1-1
2024-07-20 22:56:46,351 INFO o.a.j.t.ThreadGroup: Started thread group number 1
2024-07-20 22:56:46,351 INFO o.a.j.e.StandardJMeterEngine: All thread groups have been started
2024-07-20 22:56:46,368 INFO o.a.j.t.JMeterThread: Thread is done: Thread Group 1-1
2024-07-20 22:56:46,368 INFO o.a.j.t.JMeterThread: Thread finished: Thread Group 1-1
2024-07-20 22:56:46,561 INFO o.a.j.t.JMeterThread: Thread started: Thread Group 1-2
2024-07-20 22:56:46,576 INFO o.a.j.t.JMeterThread: Thread is done: Thread Group 1-2
2024-07-20 22:56:46,576 INFO o.a.j.t.JMeterThread: Thread finished: Thread Group 1-2
2024-07-20 22:56:46,750 INFO o.a.j.t.JMeterThread: Thread started: Thread Group 1-3
2024-07-20 22:56:46,779 INFO o.a.j.t.JMeterThread: Thread is done: Thread Group 1-3
2024-07-20 22:56:46,779 INFO o.a.j.t.JMeterThread: Thread finished: Thread Group 1-3
2024-07-20 22:56:46,950 INFO o.a.j.t.JMeterThread: Thread started: Thread Group 1-4
2024-07-20 22:56:46,967 INFO o.a.j.t.JMeterThread: Thread is done: Thread Group 1-4
2024-07-20 22:56:46,967 INFO o.a.j.t.JMeterThread: Thread finished: Thread Group 1-4
2024-07-20 22:56:47,149 INFO o.a.j.t.JMeterThread: Thread started: Thread Group 1-5
2024-07-20 22:56:47,176 INFO o.a.j.t.JMeterThread: Thread is done: Thread Group 1-5
2024-07-20 22:56:47,177 INFO o.a.j.t.JMeterThread: Thread finished: Thread Group 1-5
2024-07-20 22:56:47,177 INFO o.a.j.e.StandardJMeterEngine: Notifying test listeners of end of test
2024-07-20 22:56:47,178 INFO o.a.j.g.u.JMeterMenuBar: setRunning(false, *local*)
2024-07-20 22:57:36,344 INFO o.a.j.s.FileServer: Set new base='C:\Users\admin\Documents\DuAnCaNhan\Monolithic_to_Microservice\apache-jmeter-5.6.3\bin'
2024-07-20 22:57:36,621 INFO o.a.j.s.SaveService: Testplan (JMX) version: 2.2. Testlog (JTL) version: 2.2
2024-07-20 22:57:36,640 INFO o.a.j.s.SaveService: Using SaveService properties version 5.0
2024-07-20 22:57:36,642 INFO o.a.j.s.SaveService: Using SaveService properties file encoding UTF-8
2024-07-20 22:57:36,657 INFO o.a.j.e.StandardJMeterEngine: Running the test!
2024-07-20 22:57:36,657 INFO o.a.j.s.SampleEvent: List of sample_variables: []
2024-07-20 22:57:36,658 INFO o.a.j.g.u.JMeterMenuBar: setRunning(true, *local*)
2024-07-20 22:57:36,698 INFO o.a.j.e.StandardJMeterEngine: Starting ThreadGroup: 1 : Thread Group
2024-07-20 22:57:36,698 INFO o.a.j.e.StandardJMeterEngine: Starting 5 threads for group Thread Group.
2024-07-20 22:57:36,698 INFO o.a.j.e.StandardJMeterEngine: Thread will continue on error
2024-07-20 22:57:36,698 INFO o.a.j.t.ThreadGroup: Starting thread group... number=1 threads=5 ramp-up=1 delayedStart=false
2024-07-20 22:57:36,699 INFO o.a.j.t.JMeterThread: Thread started: Thread Group 1-1
2024-07-20 22:57:36,700 INFO o.a.j.t.ThreadGroup: Started thread group number 1
2024-07-20 22:57:36,700 INFO o.a.j.e.StandardJMeterEngine: All thread groups have been started
2024-07-20 22:57:36,711 INFO o.a.j.t.JMeterThread: Thread is done: Thread Group 1-1
2024-07-20 22:57:36,711 INFO o.a.j.t.JMeterThread: Thread finished: Thread Group 1-1
2024-07-20 22:57:36,901 INFO o.a.j.t.JMeterThread: Thread started: Thread Group 1-2
2024-07-20 22:57:36,929 INFO o.a.j.t.JMeterThread: Thread is done: Thread Group 1-2
2024-07-20 22:57:36,929 INFO o.a.j.t.JMeterThread: Thread finished: Thread Group 1-2
2024-07-20 22:57:37,103 INFO o.a.j.t.JMeterThread: Thread started: Thread Group 1-3
2024-07-20 22:57:37,112 INFO o.a.j.t.JMeterThread: Thread is done: Thread Group 1-3
2024-07-20 22:57:37,112 INFO o.a.j.t.JMeterThread: Thread finished: Thread Group 1-3
2024-07-20 22:57:37,307 INFO o.a.j.t.JMeterThread: Thread started: Thread Group 1-4
2024-07-20 22:57:37,330 INFO o.a.j.t.JMeterThread: Thread is done: Thread Group 1-4
2024-07-20 22:57:37,331 INFO o.a.j.t.JMeterThread: Thread finished: Thread Group 1-4
2024-07-20 22:57:37,500 INFO o.a.j.t.JMeterThread: Thread started: Thread Group 1-5
2024-07-20 22:57:37,522 INFO o.a.j.t.JMeterThread: Thread is done: Thread Group 1-5
2024-07-20 22:57:37,523 INFO o.a.j.t.JMeterThread: Thread finished: Thread Group 1-5
2024-07-20 22:57:37,523 INFO o.a.j.e.StandardJMeterEngine: Notifying test listeners of end of test
2024-07-20 22:57:37,524 INFO o.a.j.g.u.JMeterMenuBar: setRunning(false, *local*)
2024-07-20 22:59:44,963 INFO o.a.j.e.StandardJMeterEngine: Running the test!
2024-07-20 22:59:44,964 INFO o.a.j.s.SampleEvent: List of sample_variables: []
2024-07-20 22:59:44,965 INFO o.a.j.g.u.JMeterMenuBar: setRunning(true, *local*)
2024-07-20 22:59:44,998 INFO o.a.j.e.StandardJMeterEngine: Starting ThreadGroup: 1 : Thread Group
2024-07-20 22:59:44,998 INFO o.a.j.e.StandardJMeterEngine: Starting 5 threads for group Thread Group.
2024-07-20 22:59:44,998 INFO o.a.j.e.StandardJMeterEngine: Thread will continue on error
2024-07-20 22:59:44,998 INFO o.a.j.t.ThreadGroup: Starting thread group... number=1 threads=5 ramp-up=1 delayedStart=false
2024-07-20 22:59:45,000 INFO o.a.j.t.JMeterThread: Thread started: Thread Group 1-1
2024-07-20 22:59:45,000 INFO o.a.j.t.ThreadGroup: Started thread group number 1
2024-07-20 22:59:45,000 INFO o.a.j.e.StandardJMeterEngine: All thread groups have been started
2024-07-20 22:59:45,014 INFO o.a.j.t.JMeterThread: Thread is done: Thread Group 1-1
2024-07-20 22:59:45,014 INFO o.a.j.t.JMeterThread: Thread finished: Thread Group 1-1
2024-07-20 22:59:45,199 INFO o.a.j.t.JMeterThread: Thread started: Thread Group 1-2
2024-07-20 22:59:45,223 INFO o.a.j.t.JMeterThread: Thread is done: Thread Group 1-2
2024-07-20 22:59:45,223 INFO o.a.j.t.JMeterThread: Thread finished: Thread Group 1-2
2024-07-20 22:59:45,400 INFO o.a.j.t.JMeterThread: Thread started: Thread Group 1-3
2024-07-20 22:59:45,410 INFO o.a.j.t.JMeterThread: Thread is done: Thread Group 1-3
2024-07-20 22:59:45,410 INFO o.a.j.t.JMeterThread: Thread finished: Thread Group 1-3
2024-07-20 22:59:45,598 INFO o.a.j.t.JMeterThread: Thread started: Thread Group 1-4
2024-07-20 22:59:45,607 INFO o.a.j.t.JMeterThread: Thread is done: Thread Group 1-4
2024-07-20 22:59:45,607 INFO o.a.j.t.JMeterThread: Thread finished: Thread Group 1-4
2024-07-20 22:59:45,799 INFO o.a.j.t.JMeterThread: Thread started: Thread Group 1-5
2024-07-20 22:59:45,809 INFO o.a.j.t.JMeterThread: Thread is done: Thread Group 1-5
2024-07-20 22:59:45,809 INFO o.a.j.t.JMeterThread: Thread finished: Thread Group 1-5
2024-07-20 22:59:45,809 INFO o.a.j.e.StandardJMeterEngine: Notifying test listeners of end of test
2024-07-20 22:59:45,810 INFO o.a.j.g.u.JMeterMenuBar: setRunning(false, *local*)
2024-07-20 23:02:17,961 INFO o.a.j.e.StandardJMeterEngine: Running the test!
2024-07-20 23:02:17,962 INFO o.a.j.s.SampleEvent: List of sample_variables: []
2024-07-20 23:02:17,963 INFO o.a.j.g.u.JMeterMenuBar: setRunning(true, *local*)
2024-07-20 23:02:17,999 INFO o.a.j.e.StandardJMeterEngine: Starting ThreadGroup: 1 : Thread Group
2024-07-20 23:02:17,999 INFO o.a.j.e.StandardJMeterEngine: Starting 10 threads for group Thread Group.
2024-07-20 23:02:17,999 INFO o.a.j.e.StandardJMeterEngine: Thread will continue on error
2024-07-20 23:02:17,999 INFO o.a.j.t.ThreadGroup: Starting thread group... number=1 threads=10 ramp-up=1 delayedStart=false
2024-07-20 23:02:18,000 INFO o.a.j.t.JMeterThread: Thread started: Thread Group 1-1
2024-07-20 23:02:18,001 INFO o.a.j.t.ThreadGroup: Started thread group number 1
2024-07-20 23:02:18,001 INFO o.a.j.e.StandardJMeterEngine: All thread groups have been started
2024-07-20 23:02:18,102 INFO o.a.j.t.JMeterThread: Thread started: Thread Group 1-2
2024-07-20 23:02:18,202 INFO o.a.j.t.JMeterThread: Thread started: Thread Group 1-3
2024-07-20 23:02:18,302 INFO o.a.j.t.JMeterThread: Thread started: Thread Group 1-4
2024-07-20 23:02:18,399 INFO o.a.j.t.JMeterThread: Thread is done: Thread Group 1-4
2024-07-20 23:02:18,399 INFO o.a.j.t.JMeterThread: Thread is done: Thread Group 1-2
2024-07-20 23:02:18,399 INFO o.a.j.t.JMeterThread: Thread is done: Thread Group 1-3
2024-07-20 23:02:18,399 INFO o.a.j.t.JMeterThread: Thread finished: Thread Group 1-4
2024-07-20 23:02:18,399 INFO o.a.j.t.JMeterThread: Thread finished: Thread Group 1-2
2024-07-20 23:02:18,399 INFO o.a.j.t.JMeterThread: Thread finished: Thread Group 1-3
2024-07-20 23:02:18,399 INFO o.a.j.t.JMeterThread: Thread is done: Thread Group 1-1
2024-07-20 23:02:18,399 INFO o.a.j.t.JMeterThread: Thread finished: Thread Group 1-1
2024-07-20 23:02:18,401 INFO o.a.j.t.JMeterThread: Thread started: Thread Group 1-5
2024-07-20 23:02:18,415 INFO o.a.j.t.JMeterThread: Thread is done: Thread Group 1-5
2024-07-20 23:02:18,416 INFO o.a.j.t.JMeterThread: Thread finished: Thread Group 1-5
2024-07-20 23:02:18,501 INFO o.a.j.t.JMeterThread: Thread started: Thread Group 1-6
2024-07-20 23:02:18,520 INFO o.a.j.t.JMeterThread: Thread is done: Thread Group 1-6
2024-07-20 23:02:18,520 INFO o.a.j.t.JMeterThread: Thread finished: Thread Group 1-6
2024-07-20 23:02:18,600 INFO o.a.j.t.JMeterThread: Thread started: Thread Group 1-7
2024-07-20 23:02:18,626 INFO o.a.j.t.JMeterThread: Thread is done: Thread Group 1-7
2024-07-20 23:02:18,626 INFO o.a.j.t.JMeterThread: Thread finished: Thread Group 1-7
2024-07-20 23:02:18,700 INFO o.a.j.t.JMeterThread: Thread started: Thread Group 1-8
2024-07-20 23:02:18,711 INFO o.a.j.t.JMeterThread: Thread is done: Thread Group 1-8
2024-07-20 23:02:18,711 INFO o.a.j.t.JMeterThread: Thread finished: Thread Group 1-8
2024-07-20 23:02:18,801 INFO o.a.j.t.JMeterThread: Thread started: Thread Group 1-9
2024-07-20 23:02:18,821 INFO o.a.j.t.JMeterThread: Thread is done: Thread Group 1-9
2024-07-20 23:02:18,822 INFO o.a.j.t.JMeterThread: Thread finished: Thread Group 1-9
2024-07-20 23:02:18,901 INFO o.a.j.t.JMeterThread: Thread started: Thread Group 1-10
2024-07-20 23:02:18,915 INFO o.a.j.t.JMeterThread: Thread is done: Thread Group 1-10
2024-07-20 23:02:18,915 INFO o.a.j.t.JMeterThread: Thread finished: Thread Group 1-10
2024-07-20 23:02:18,916 INFO o.a.j.e.StandardJMeterEngine: Notifying test listeners of end of test
2024-07-20 23:02:18,916 INFO o.a.j.g.u.JMeterMenuBar: setRunning(false, *local*)
